error[E0425]: cannot find value `foo` in this scope
 --> src/main.rs:10:5
  |
10|     foo();
  |     ^^^ not found in this scope

error[E0425]: cannot find value `bar` in this scope
 --> src/lib.rs:15:9
  |
15|         bar();
  |         ^^^ not found in this scope

error[E0425]: cannot find value `baz` in this scope
 --> src/utils.rs:20:5
  |
20|     baz();
  |     ^^^ not found in this scope

error[E0308]: mismatched types
 --> src/main.rs:25:10
  |
25|     let x: i32 = "hello";
  |            ---   ^^^^^^^ expected `i32`, found `&str`
  |            |
  |            expected due to this

error[E0308]: mismatched types
 --> src/lib.rs:30:10
  |
30|     let y: bool = 42;
  |            ----   ^^ expected `bool`, found integer
  |            |
  |            expected due to this

error: aborting due to 5 previous errors

For more information about this error, try `rustc --explain E0425`.
