bzr log --show-id -l 3
------------------------------------------------------------
revno: 42
revision-id: alice-20260411143000-a1b2c3d4e5f6
committer: Alice Chen <alice@example.com>
branch nick: main
timestamp: Fri 2026-04-11 14:30:00 +0800
message:
  Refactor main entry point

------------------------------------------------------------
revno: 41
revision-id: bob-20260410091500-b4c5d6e7f8g9
committer: Bob Wang <bob@example.com>
branch nick: main
timestamp: Thu 2026-04-10 09:15:00 +0800
message:
  Add configuration loader

------------------------------------------------------------
revno: 40
revision-id: alice-20260409164500-c7d8e9f0a1b2
committer: Alice Chen <alice@example.com>
branch nick: main
timestamp: Wed 2026-04-09 16:45:00 +0800
message:
  Initial project structure
