git status
On branch main
Your branch is up to date with 'origin/main'.

Changes to be committed:
  (use "git restore --staged <file>..." to unstage)
	new file:   src/core/new_feature.rs
	modified:   docs/CHANGELOG.md

Changes not staged for commit:
  (use "git add <file>..." to update what will be committed)
  (use "git restore <file>..." to discard changes in working directory)
	modified:   src/cli/methods.rs
	modified:   Cargo.toml

Unmerged paths:
  (use "git add <file>..." to mark resolution)
	both modified:   src/core/parser.rs
	both modified:   packages/sdk-nodejs/package-lock.json
	added by us:     src/core/new_module.rs
	added by them:   src/core/their_module.rs
	deleted by us:   src/legacy/old_module.rs
	deleted by them: src/legacy/their_old_module.rs

Untracked files:
  (use "git add <file>..." to include in what will be committed)
	tmp/draft.txt
	.qoder/

no changes added to commit (use "git add" and/or "git commit -a")
