git log --all
commit abc1234 (HEAD -> main)
Author: Developer <dev@example.com>
Date:   Mon Apr 14 15:00:00 2026 +0000

    Implement dictionary manager with producer-consumer model

commit def4567
Author: Developer <dev@example.com>
Date:   Mon Apr 14 14:00:00 2026 +0000

    Add parallel processing support to TextSlicer

commit 1234567 (feature/parallel-processing)
Author: Developer <dev@example.com>
Date:   Mon Apr 14 13:30:00 2026 +0000

    WIP: Parallel processing implementation

commit ghi7890
Author: Developer <dev@example.com>
Date:   Mon Apr 14 13:00:00 2026 +0000

    Optimize StreamReader with system information

commit jkl0123 (feature/slice-flags)
Author: Developer <dev@example.com>
Date:   Mon Apr 14 12:00:00 2026 +0000

    Add slice_flags functionality to TextSlicer