git log --oneline -n 20
abc1234 Implement dictionary manager with producer-consumer model
def4567 Add parallel processing support to TextSlicer
ghi7890 Optimize StreamReader with system information
jkl0123 Add slice_flags functionality to TextSlicer
mno4567 Implement smart_path_plugin for path handling
pqr8901 Add xcode_log_plugin implementation
stu2345 Add rust_go_plugin implementation
vwx6789 Add web_log_plugin implementation
yz0123 Add syslog_plugin implementation
1234567 Update plugin_dispatcher to support plugin chaining
2345678 Fix compilation errors in TextSlicer
3456789 Add crossbeam-channel dependency
4567890 Fix AtomicU64 usage errors
5678901 Fix plugin naming issues
6789012 Add smart_path_plugin to src/plugins
7890123 Implement next_plugins method for all inline plugins
8901234 Modify xcode_log_plugin to load config files
9012345 Fix timestamp converter functions
0123456 Fix Slice struct field names