git log --patch
commit abc1234
Author: Developer <dev@example.com>
Date:   Mon Apr 14 15:00:00 2026 +0000

    Implement dictionary manager with producer-consumer model

diff --git a/src/core/dictionary_manager/mod.rs b/src/core/dictionary_manager/mod.rs
new file mode 100644
index 0000000..1234567
--- /dev/null
+++ b/src/core/dictionary_manager/mod.rs
@@ -0,0 +1,100 @@
+pub mod methods;
+pub use methods::*;
+
+// DictionaryManager module for managing dictionaries
+// with producer-consumer model

diff --git a/src/core/dictionary_manager/methods.rs b/src/core/dictionary_manager/methods.rs
new file mode 100644
index 0000000..7890123
--- /dev/null
+++ b/src/core/dictionary_manager/methods.rs
@@ -0,0 +1,200 @@
+use crossbeam_channel::{unbounded, Sender, Receiver};
+use std::collections::HashMap;
+use std::thread;
+
+pub struct DictionaryManager {
+    path_sender: Sender<String>,
+    macro_sender: Sender<String>,
+    dict: HashMap<String, String>,
+}
+
+impl DictionaryManager {
+    pub fn new() -> Self {
+        let (path_sender, path_receiver) = unbounded();
+        let (macro_sender, macro_receiver) = unbounded();
+
+        // Start worker thread
+        thread::spawn(move || {
+            // Process paths and macros
+        });
+
+        Self {
+            path_sender,
+            macro_sender,
+            dict: HashMap::new(),
+        }
+    }
+    
+    pub fn add_path(&self, path: String) {
+        self.path_sender.send(path).unwrap();
+    }
+    
+    pub fn add_macro(&self, macro: String) {
+        self.macro_sender.send(macro).unwrap();
+    }
+}

commit def4567
Author: Developer <dev@example.com>
Date:   Mon Apr 14 14:00:00 2026 +0000

    Add parallel processing support to TextSlicer

diff --git a/src/core/text_slicer/methods.rs b/src/core/text_slicer/methods.rs
index 1234567..7890123 100644
--- a/src/core/text_slicer/methods.rs
+++ b/src/core/text_slicer/methods.rs
@@ -1,5 +1,10 @@
 use std::sync::Arc;
+use std::thread;
+use std::sync::Mutex;

 pub fn slice_by_lines(content: &str, max_lines: usize) -> Vec<String> {
     content.lines().collect()
 }
+
+pub fn process_parallel(content: &str) -> Vec<String> {
+    // Parallel processing implementation
+    Vec::new()
+}