git log --graph
* commit abc1234
| Author: Developer <dev@example.com>
| Date:   Mon Apr 14 15:00:00 2026 +0000
| 
|     Implement dictionary manager with producer-consumer model
| 
* commit def4567
| Author: Developer <dev@example.com>
| Date:   Mon Apr 14 14:00:00 2026 +0000
| 
|     Add parallel processing support to TextSlicer
| 
* commit ghi7890
| Author: Developer <dev@example.com>
| Date:   Mon Apr 14 13:00:00 2026 +0000
| 
|     Optimize StreamReader with system information
| 
* commit jkl0123
| Author: Developer <dev@example.com>
| Date:   Mon Apr 14 12:00:00 2026 +0000
| 
|     Add slice_flags functionality to TextSlicer
| 
* commit mno4567
  Author: Developer <dev@example.com>
  Date:   Mon Apr 14 11:00:00 2026 +0000
  
      Add smart_path_plugin for path handling