<!DOCTYPE html>
<html lang="en">
<head>
    <meta charset="UTF-8">
    <meta name="viewport" content="width=device-width, initial-scale=1.0">
    <title>Complex HTML</title>
    <style>
        body { font-family: Arial, sans-serif; }
        .container { max-width: 800px; margin: 0 auto; }
    </style>
</head>
<body>
    <div class="container">
        <header>
            <h1>Welcome</h1>
            <nav>
                <ul>
                    <li><a href="/">Home</a></li>
                    <li><a href="/about">About</a></li>
                </ul>
            </nav>
        </header>
        <main>
            <article>
                <h2>Article Title</h2>
                <p>Content here...</p>
            </article>
        </main>
        <footer>
            <p>&copy; 2024 My Site</p>
        </footer>
    </div>
</body>
</html>
