svn log -l 10
------------------------------------------------------------------------
r1234 | developer | 2026-04-14 15:00:00 +0000 (Mon, 14 Apr 2026) | 1 line

    Implement dictionary manager with producer-consumer model
------------------------------------------------------------------------
r1233 | developer | 2026-04-14 14:00:00 +0000 (Mon, 14 Apr 2026) | 1 line

    Add parallel processing support to TextSlicer
------------------------------------------------------------------------
r1232 | developer | 2026-04-14 13:00:00 +0000 (Mon, 14 Apr 2026) | 1 line

    Optimize StreamReader with system information
------------------------------------------------------------------------
r1231 | developer | 2026-04-14 12:00:00 +0000 (Mon, 14 Apr 2026) | 1 line

    Add slice_flags functionality to TextSlicer
------------------------------------------------------------------------
r1230 | developer | 2026-04-14 11:00:00 +0000 (Mon, 14 Apr 2026) | 1 line

    Add smart_path_plugin for path handling
------------------------------------------------------------------------
r1229 | developer | 2026-04-14 10:00:00 +0000 (Mon, 14 Apr 2026) | 1 line

    Add xcode_log_plugin implementation
------------------------------------------------------------------------
r1228 | developer | 2026-04-14 09:00:00 +0000 (Mon, 14 Apr 2026) | 1 line

    Add rust_go_plugin implementation
------------------------------------------------------------------------
r1227 | developer | 2026-04-14 08:00:00 +0000 (Mon, 14 Apr 2026) | 1 line

    Add web_log_plugin implementation
------------------------------------------------------------------------
r1226 | developer | 2026-04-14 07:00:00 +0000 (Mon, 14 Apr 2026) | 1 line

    Add syslog_plugin implementation
------------------------------------------------------------------------
r1225 | developer | 2026-04-14 06:00:00 +0000 (Mon, 14 Apr 2026) | 1 line

    Update plugin_dispatcher to support plugin chaining