svn update
Updating '.':
U    src/auth/login.py
U    src/auth/middleware.py
U    src/auth/config.py
U    src/user/models.py
U    src/user/views.py
U    src/api/endpoints.py
U    src/api/serializers.py
U    src/utils/helpers.py
U    src/utils/validators.py
U    docs/api.md
U    docs/architecture.md
U    docs/deployment.md
U    tests/test_auth.py
U    tests/test_user.py
U    tests/test_api.py
U    config/settings.py
U    config/database.py
U    config/cache.py
U    requirements.txt
U    README.md
At revision 12345.
Updated 20 files.
