Traceback (most recent call last):
  File "app.py", line 1, in <module>
    level1()
  File "app.py", line 2, in level1
    level2()
  File "app.py", line 3, in level2
    level3()
  File "app.py", line 4, in level3
    level4()
  File "app.py", line 5, in level4
    level5()
  File "app.py", line 6, in level5
    level6()
  File "app.py", line 7, in level6
    level7()
  File "app.py", line 8, in level7
    level8()
  File "app.py", line 9, in level8
    level9()
  File "app.py", line 10, in level9
    level10()
  File "app.py", line 11, in level10
    level11()
  File "app.py", line 12, in level11
    level12()
  File "app.py", line 13, in level12
    level13()
  File "app.py", line 14, in level13
    level14()
  File "app.py", line 15, in level14
    level15()
  File "app.py", line 16, in level15
    level16()
  File "app.py", line 17, in level16
    level17()
  File "app.py", line 18, in level17
    level18()
  File "app.py", line 19, in level18
    level19()
  File "app.py", line 20, in level19
    level20()
  File "app.py", line 21, in level20
    level21()
  File "app.py", line 22, in level21
    level22()
  File "app.py", line 23, in level22
    level23()
  File "app.py", line 24, in level23
    level24()
  File "app.py", line 25, in level24
    level25()
  File "app.py", line 26, in level25
    level26()
  File "app.py", line 27, in level26
    level27()
  File "app.py", line 28, in level27
    level28()
  File "app.py", line 29, in level28
    level29()
  File "app.py", line 30, in level29
    level30()
RecursionError: maximum recursion depth exceeded
