Traceback (most recent call last):
  File "app.py", line 10, in <module>
    main()
  File "app.py", line 5, in main
    do_something()
  File "app.py", line 15, in do_something
    raise ValueError("Error 1")
ValueError: Error 1

Traceback (most recent call last):
  File "app.py", line 10, in <module>
    main()
  File "app.py", line 5, in main
    do_something()
  File "app.py", line 15, in do_something
    raise KeyError('missing_key')
KeyError: 'missing_key'

Traceback (most recent call last):
  File "app.py", line 10, in <module>
    main()
  File "app.py", line 5, in main
    do_something()
  File "app.py", line 15, in do_something
    raise KeyError('another_key')
KeyError: 'another_key'

Traceback (most recent call last):
  File "app.py", line 10, in <module>
    main()
  File "app.py", line 5, in main
    do_something()
  File "app.py", line 15, in do_something
    raise TypeError("Type error")
TypeError: Type error

Traceback (most recent call last):
  File "app.py", line 10, in <module>
    main()
  File "app.py", line 5, in main
    do_something()
  File "app.py", line 15, in do_something
    raise ValueError("Error 2")
ValueError: Error 2
